<?xml version="1.0" encoding="UTF-8"?>
<!-- Generated by org.testng.reporters.JUnitReportReporter -->
<testsuite hostname="LAPTOP-L93KPPSA" failures="0" tests="1" name="TestScript.AddToCartTestCase" time="10.830" errors="0" timestamp="2024-08-02T16:55:36 IST" skipped="0">
  <testcase classname="TestScript.AddToCartTestCase" name="addToCartTestCase" time="10.830"/>
  <system-out/>
</testsuite> <!-- TestScript.AddToCartTestCase -->
