<?xml version="1.0" encoding="UTF-8"?>
<!-- Generated by org.testng.reporters.JUnitReportReporter -->
<testsuite hostname="LAPTOP-L93KPPSA" failures="0" tests="1" name="TestScript.InvalidLoginTestCase" time="19.209" errors="0" timestamp="2024-08-02T16:56:41 IST" skipped="0">
  <testcase classname="TestScript.InvalidLoginTestCase" name="invalidloginTC" time="19.209"/>
  <system-out/>
</testsuite> <!-- TestScript.InvalidLoginTestCase -->
