<?xml version="1.0" encoding="UTF-8"?>
<!-- Generated by org.testng.reporters.JUnitReportReporter -->
<testsuite hostname="LAPTOP-L93KPPSA" failures="0" tests="1" name="TestScript.registerTestCase" time="15.506" errors="0" timestamp="2024-08-02T16:57:52 IST" skipped="0">
  <testcase classname="TestScript.registerTestCase" name="registerTC" time="15.506"/>
  <system-out/>
</testsuite> <!-- TestScript.registerTestCase -->
