<?xml version="1.0" encoding="UTF-8"?>
<!-- Generated by org.testng.reporters.JUnitReportReporter -->
<testsuite hostname="LAPTOP-L93KPPSA" failures="0" tests="1" name="TestScript.loginTestCase" time="16.016" errors="0" timestamp="2024-08-02T16:57:24 IST" skipped="0">
  <testcase classname="TestScript.loginTestCase" name="loginTC" time="16.016"/>
  <system-out/>
</testsuite> <!-- TestScript.loginTestCase -->
