<?xml version="1.0" encoding="UTF-8"?>
<!-- Generated by org.testng.reporters.JUnitReportReporter -->
<testsuite hostname="LAPTOP-L93KPPSA" failures="0" tests="1" name="TestScript.BuyProductTestCase" time="18.460" errors="0" timestamp="2024-08-02T16:56:14 IST" skipped="0">
  <testcase classname="TestScript.BuyProductTestCase" name="buyProductTC" time="18.460"/>
  <system-out/>
</testsuite> <!-- TestScript.BuyProductTestCase -->
